<?xml version="1.0" encoding="UTF-8"?>
<testng-results skipped="0" failed="28" ignored="38" total="99" passed="33">
  <reporter-output>
    <line>
      <![CDATA[Extent Report DirectoryC:\Users\ronyc\OneDrive\Desktop\DataMisfitsProject1-main\test-output\html]]>
    </line>
  </reporter-output>
  <suite name="ebay smoke" duration-ms="828364" started-at="2022-06-24T19:11:40Z" finished-at="2022-06-24T19:25:28Z">
    <groups>
    </groups>
    <test name="tests" duration-ms="828364" started-at="2022-06-24T19:11:40Z" finished-at="2022-06-24T19:25:28Z">
      <class name="apps.ebay.HomePageTest">
        <test-method status="PASS" signature="setUp(boolean, java.lang.String, java.lang.String, java.lang.String, java.lang.String, java.lang.String, java.lang.String)[pri:0, instance:apps.ebay.HomePageTest@36d4b5c]" name="setUp" is-config="true" duration-ms="4586" started-at="2022-06-24T19:15:11Z" finished-at="2022-06-24T19:15:15Z">
          <params>
            <param index="0">
              <value>
                <![CDATA[false]]>
              </value>
            </param>
            <param index="1">
              <value>
                <![CDATA[browserstack]]>
              </value>
            </param>
            <param index="2">
              <value>
                <![CDATA[windows]]>
              </value>
            </param>
            <param index="3">
              <value>
                <![CDATA[10]]>
              </value>
            </param>
            <param index="4">
              <value>
                <![CDATA[chrome]]>
              </value>
            </param>
            <param index="5">
              <value>
                <![CDATA[99]]>
              </value>
            </param>
            <param index="6">
              <value>
                <![CDATA[https://www.ebay.com]]>
              </value>
            </param>
          </params>
          <reporter-output>
          </reporter-output>
        </test-method> <!-- setUp -->
        <test-method status="PASS" signature="startExtent(java.lang.reflect.Method)[pri:0, instance:apps.ebay.HomePageTest@36d4b5c]" name="startExtent" is-config="true" duration-ms="0" started-at="2022-06-24T19:15:15Z" finished-at="2022-06-24T19:15:15Z">
          <params>
            <param index="0">
              <value>
                <![CDATA[public void apps.ebay.HomePageTest.homeTest()]]>
              </value>
            </param>
          </params>
          <reporter-output>
          </reporter-output>
        </test-method> <!-- startExtent -->
        <test-method status="PASS" signature="homeTest()[pri:0, instance:apps.ebay.HomePageTest@36d4b5c]" name="homeTest" duration-ms="4200" started-at="2022-06-24T19:15:15Z" finished-at="2022-06-24T19:15:20Z">
          <reporter-output>
          </reporter-output>
        </test-method> <!-- homeTest -->
        <test-method status="PASS" signature="afterEachTestMethod(org.testng.ITestResult)[pri:0, instance:apps.ebay.HomePageTest@36d4b5c]" name="afterEachTestMethod" is-config="true" duration-ms="803" started-at="2022-06-24T19:15:20Z" finished-at="2022-06-24T19:15:20Z">
          <params>
            <param index="0">
              <value>
                <![CDATA[[TestResult name=homeTest status=SUCCESS method=HomePageTest.homeTest()[pri:0, instance:apps.ebay.HomePageTest@36d4b5c] output={null}]]]>
              </value>
            </param>
          </params>
          <reporter-output>
          </reporter-output>
        </test-method> <!-- afterEachTestMethod -->
        <test-method status="PASS" signature="setUp(boolean, java.lang.String, java.lang.String, java.lang.String, java.lang.String, java.lang.String, java.lang.String)[pri:0, instance:apps.ebay.HomePageTest@36d4b5c]" name="setUp" is-config="true" duration-ms="4360" started-at="2022-06-24T19:15:20Z" finished-at="2022-06-24T19:15:25Z">
          <params>
            <param index="0">
              <value>
                <![CDATA[false]]>
              </value>
            </param>
            <param index="1">
              <value>
                <![CDATA[browserstack]]>
              </value>
            </param>
            <param index="2">
              <value>
                <![CDATA[windows]]>
              </value>
            </param>
            <param index="3">
              <value>
                <![CDATA[10]]>
              </value>
            </param>
            <param index="4">
              <value>
                <![CDATA[chrome]]>
              </value>
            </param>
            <param index="5">
              <value>
                <![CDATA[99]]>
              </value>
            </param>
            <param index="6">
              <value>
                <![CDATA[https://www.ebay.com]]>
              </value>
            </param>
          </params>
          <reporter-output>
          </reporter-output>
        </test-method> <!-- setUp -->
        <test-method status="PASS" signature="startExtent(java.lang.reflect.Method)[pri:0, instance:apps.ebay.HomePageTest@36d4b5c]" name="startExtent" is-config="true" duration-ms="1" started-at="2022-06-24T19:15:25Z" finished-at="2022-06-24T19:15:25Z">
          <params>
            <param index="0">
              <value>
                <![CDATA[public void apps.ebay.HomePageTest.sell()]]>
              </value>
            </param>
          </params>
          <reporter-output>
          </reporter-output>
        </test-method> <!-- startExtent -->
        <test-method status="PASS" signature="sell()[pri:0, instance:apps.ebay.HomePageTest@36d4b5c]" name="sell" duration-ms="3975" started-at="2022-06-24T19:15:25Z" finished-at="2022-06-24T19:15:29Z">
          <reporter-output>
          </reporter-output>
        </test-method> <!-- sell -->
        <test-method status="PASS" signature="afterEachTestMethod(org.testng.ITestResult)[pri:0, instance:apps.ebay.HomePageTest@36d4b5c]" name="afterEachTestMethod" is-config="true" duration-ms="791" started-at="2022-06-24T19:15:29Z" finished-at="2022-06-24T19:15:30Z">
          <params>
            <param index="0">
              <value>
                <![CDATA[[TestResult name=sell status=SUCCESS method=HomePageTest.sell()[pri:0, instance:apps.ebay.HomePageTest@36d4b5c] output={null}]]]>
              </value>
            </param>
          </params>
          <reporter-output>
          </reporter-output>
        </test-method> <!-- afterEachTestMethod -->
        <test-method status="PASS" signature="setUp(boolean, java.lang.String, java.lang.String, java.lang.String, java.lang.String, java.lang.String, java.lang.String)[pri:0, instance:apps.ebay.HomePageTest@36d4b5c]" name="setUp" is-config="true" duration-ms="4913" started-at="2022-06-24T19:15:30Z" finished-at="2022-06-24T19:15:34Z">
          <params>
            <param index="0">
              <value>
                <![CDATA[false]]>
              </value>
            </param>
            <param index="1">
              <value>
                <![CDATA[browserstack]]>
              </value>
            </param>
            <param index="2">
              <value>
                <![CDATA[windows]]>
              </value>
            </param>
            <param index="3">
              <value>
                <![CDATA[10]]>
              </value>
            </param>
            <param index="4">
              <value>
                <![CDATA[chrome]]>
              </value>
            </param>
            <param index="5">
              <value>
                <![CDATA[99]]>
              </value>
            </param>
            <param index="6">
              <value>
                <![CDATA[https://www.ebay.com]]>
              </value>
            </param>
          </params>
          <reporter-output>
          </reporter-output>
        </test-method> <!-- setUp -->
        <test-method status="PASS" signature="twitter()[pri:0, instance:apps.ebay.HomePageTest@36d4b5c]" name="twitter" duration-ms="174" started-at="2022-06-24T19:15:34Z" finished-at="2022-06-24T19:15:35Z">
          <reporter-output>
          </reporter-output>
        </test-method> <!-- twitter -->
        <test-method status="PASS" signature="startExtent(java.lang.reflect.Method)[pri:0, instance:apps.ebay.HomePageTest@36d4b5c]" name="startExtent" is-config="true" duration-ms="0" started-at="2022-06-24T19:15:34Z" finished-at="2022-06-24T19:15:34Z">
          <params>
            <param index="0">
              <value>
                <![CDATA[public void apps.ebay.HomePageTest.twitter()]]>
              </value>
            </param>
          </params>
          <reporter-output>
          </reporter-output>
        </test-method> <!-- startExtent -->
        <test-method status="PASS" signature="afterEachTestMethod(org.testng.ITestResult)[pri:0, instance:apps.ebay.HomePageTest@36d4b5c]" name="afterEachTestMethod" is-config="true" duration-ms="790" started-at="2022-06-24T19:15:35Z" finished-at="2022-06-24T19:15:35Z">
          <params>
            <param index="0">
              <value>
                <![CDATA[[TestResult name=twitter status=SUCCESS method=HomePageTest.twitter()[pri:0, instance:apps.ebay.HomePageTest@36d4b5c] output={null}]]]>
              </value>
            </param>
          </params>
          <reporter-output>
          </reporter-output>
        </test-method> <!-- afterEachTestMethod -->
      </class> <!-- apps.ebay.HomePageTest -->
      <class name="apps.ebay.AddcartPageTest">
        <test-method status="PASS" signature="setUp(boolean, java.lang.String, java.lang.String, java.lang.String, java.lang.String, java.lang.String, java.lang.String)[pri:0, instance:apps.ebay.AddcartPageTest@4520ebad]" name="setUp" is-config="true" duration-ms="4899" started-at="2022-06-24T19:24:50Z" finished-at="2022-06-24T19:24:55Z">
          <params>
            <param index="0">
              <value>
                <![CDATA[false]]>
              </value>
            </param>
            <param index="1">
              <value>
                <![CDATA[browserstack]]>
              </value>
            </param>
            <param index="2">
              <value>
                <![CDATA[windows]]>
              </value>
            </param>
            <param index="3">
              <value>
                <![CDATA[10]]>
              </value>
            </param>
            <param index="4">
              <value>
                <![CDATA[chrome]]>
              </value>
            </param>
            <param index="5">
              <value>
                <![CDATA[99]]>
              </value>
            </param>
            <param index="6">
              <value>
                <![CDATA[https://www.ebay.com]]>
              </value>
            </param>
          </params>
          <reporter-output>
          </reporter-output>
        </test-method> <!-- setUp -->
        <test-method status="FAIL" signature="login()[pri:1, instance:apps.ebay.AddcartPageTest@4520ebad]" name="login" duration-ms="31730" started-at="2022-06-24T19:24:55Z" finished-at="2022-06-24T19:25:27Z">
          <exception class="org.openqa.selenium.NoSuchElementException">
            <message>
              <![CDATA[no such element: Unable to locate element: {"method":"xpath","selector":"//body[1]/div[6]/div[7]/div[2]/div[1]/div[1]/div[1]/div[1]/ul[1]/li[1]/a[1]/div[1]/img[1]"}
  (Session info: chrome=103.0.5060.53)
For documentation on this error, please visit: https://selenium.dev/exceptions/#no_such_element
Build info: version: '4.1.4', revision: '535d840ee2'
System info: host: 'DEADPOOL', ip: '192.168.1.107', os.name: 'Windows 10', os.arch: 'amd64', os.version: '10.0', java.version: '1.8.0_333'
Driver info: org.openqa.selenium.chrome.ChromeDriver
Command: [ed06cfae1beddc460a6bf37ffd20b1c6, findElement {using=xpath, value=//body[1]/div[6]/div[7]/div[2]/div[1]/div[1]/div[1]/div[1]/ul[1]/li[1]/a[1]/div[1]/img[1]}]
Capabilities {acceptInsecureCerts: false, browserName: chrome, browserVersion: 103.0.5060.53, chrome: {chromedriverVersion: 102.0.5005.61 (0e59bcc00cc4..., userDataDir: C:\Users\ronyc\AppData\Loca...}, goog:chromeOptions: {debuggerAddress: localhost:7801}, javascriptEnabled: true, networkConnectionEnabled: false, pageLoadStrategy: normal, platform: WINDOWS, platformName: WINDOWS, proxy: Proxy(), se:cdp: ws://localhost:7801/devtool..., se:cdpVersion: 103.0.5060.53, setWindowRect: true, strictFileInteractability: false, timeouts: {implicit: 0, pageLoad: 300000, script: 30000}, unhandledPromptBehavior: dismiss and notify, webauthn:extension:credBlob: true, webauthn:extension:largeBlob: true, webauthn:virtualAuthenticators: true}
Session ID: ed06cfae1beddc460a6bf37ffd20b1c6]]>
            </message>
            <full-stacktrace>
              <![CDATA[org.openqa.selenium.NoSuchElementException: no such element: Unable to locate element: {"method":"xpath","selector":"//body[1]/div[6]/div[7]/div[2]/div[1]/div[1]/div[1]/div[1]/ul[1]/li[1]/a[1]/div[1]/img[1]"}
  (Session info: chrome=103.0.5060.53)
For documentation on this error, please visit: https://selenium.dev/exceptions/#no_such_element
Build info: version: '4.1.4', revision: '535d840ee2'
System info: host: 'DEADPOOL', ip: '192.168.1.107', os.name: 'Windows 10', os.arch: 'amd64', os.version: '10.0', java.version: '1.8.0_333'
Driver info: org.openqa.selenium.chrome.ChromeDriver
Command: [ed06cfae1beddc460a6bf37ffd20b1c6, findElement {using=xpath, value=//body[1]/div[6]/div[7]/div[2]/div[1]/div[1]/div[1]/div[1]/ul[1]/li[1]/a[1]/div[1]/img[1]}]
Capabilities {acceptInsecureCerts: false, browserName: chrome, browserVersion: 103.0.5060.53, chrome: {chromedriverVersion: 102.0.5005.61 (0e59bcc00cc4..., userDataDir: C:\Users\ronyc\AppData\Loca...}, goog:chromeOptions: {debuggerAddress: localhost:7801}, javascriptEnabled: true, networkConnectionEnabled: false, pageLoadStrategy: normal, platform: WINDOWS, platformName: WINDOWS, proxy: Proxy(), se:cdp: ws://localhost:7801/devtool..., se:cdpVersion: 103.0.5060.53, setWindowRect: true, strictFileInteractability: false, timeouts: {implicit: 0, pageLoad: 300000, script: 30000}, unhandledPromptBehavior: dismiss and notify, webauthn:extension:credBlob: true, webauthn:extension:largeBlob: true, webauthn:virtualAuthenticators: true}
Session ID: ed06cfae1beddc460a6bf37ffd20b1c6
at sun.reflect.GeneratedConstructorAccessor35.newInstance(Unknown Source)
at sun.reflect.DelegatingConstructorAccessorImpl.newInstance(DelegatingConstructorAccessorImpl.java:45)
at java.lang.reflect.Constructor.newInstance(Constructor.java:423)
at org.openqa.selenium.remote.codec.w3c.W3CHttpResponseCodec.createException(W3CHttpResponseCodec.java:200)
at org.openqa.selenium.remote.codec.w3c.W3CHttpResponseCodec.decode(W3CHttpResponseCodec.java:133)
at org.openqa.selenium.remote.codec.w3c.W3CHttpResponseCodec.decode(W3CHttpResponseCodec.java:53)
at org.openqa.selenium.remote.HttpCommandExecutor.execute(HttpCommandExecutor.java:184)
at org.openqa.selenium.remote.service.DriverCommandExecutor.invokeExecute(DriverCommandExecutor.java:167)
at org.openqa.selenium.remote.service.DriverCommandExecutor.execute(DriverCommandExecutor.java:142)
at org.openqa.selenium.remote.RemoteWebDriver.execute(RemoteWebDriver.java:567)
at org.openqa.selenium.remote.ElementLocation$ElementFinder$2.findElement(ElementLocation.java:162)
at org.openqa.selenium.remote.ElementLocation.findElement(ElementLocation.java:60)
at org.openqa.selenium.remote.RemoteWebDriver.findElement(RemoteWebDriver.java:385)
at org.openqa.selenium.remote.RemoteWebDriver.findElement(RemoteWebDriver.java:377)
at org.openqa.selenium.support.pagefactory.DefaultElementLocator.findElement(DefaultElementLocator.java:70)
at org.openqa.selenium.support.pagefactory.internal.LocatingElementHandler.invoke(LocatingElementHandler.java:39)
at com.sun.proxy.$Proxy17.click(Unknown Source)
at base.CommonAPI.click(CommonAPI.java:188)
at pages.ebay.BuyAndAddCartPage.setHensegg(BuyAndAddCartPage.java:21)
at apps.ebay.AddcartPageTest.login(AddcartPageTest.java:25)
at sun.reflect.NativeMethodAccessorImpl.invoke0(Native Method)
at sun.reflect.NativeMethodAccessorImpl.invoke(NativeMethodAccessorImpl.java:62)
at sun.reflect.DelegatingMethodAccessorImpl.invoke(DelegatingMethodAccessorImpl.java:43)
at java.lang.reflect.Method.invoke(Method.java:498)
at org.testng.internal.MethodInvocationHelper.invokeMethod(MethodInvocationHelper.java:124)
at org.testng.internal.Invoker.invokeMethod(Invoker.java:583)
at org.testng.internal.Invoker.invokeTestMethod(Invoker.java:719)
at org.testng.internal.Invoker.invokeTestMethods(Invoker.java:989)
at org.testng.internal.TestMethodWorker.invokeTestMethods(TestMethodWorker.java:125)
at org.testng.internal.TestMethodWorker.run(TestMethodWorker.java:109)
at org.testng.TestRunner.privateRun(TestRunner.java:648)
at org.testng.TestRunner.run(TestRunner.java:505)
at org.testng.SuiteRunner.runTest(SuiteRunner.java:455)
at org.testng.SuiteRunner.runSequentially(SuiteRunner.java:450)
at org.testng.SuiteRunner.privateRun(SuiteRunner.java:415)
at org.testng.SuiteRunner.run(SuiteRunner.java:364)
at org.testng.SuiteRunnerWorker.runSuite(SuiteRunnerWorker.java:52)
at org.testng.SuiteRunnerWorker.run(SuiteRunnerWorker.java:84)
at org.testng.TestNG.runSuitesSequentially(TestNG.java:1208)
at org.testng.TestNG.runSuitesLocally(TestNG.java:1137)
at org.testng.TestNG.runSuites(TestNG.java:1049)
at org.testng.TestNG.run(TestNG.java:1017)
at com.intellij.rt.testng.IDEARemoteTestNG.run(IDEARemoteTestNG.java:66)
at com.intellij.rt.testng.RemoteTestNGStarter.main(RemoteTestNGStarter.java:109)
]]>
            </full-stacktrace>
          </exception> <!-- org.openqa.selenium.NoSuchElementException -->
          <reporter-output>
          </reporter-output>
        </test-method> <!-- login -->
        <test-method status="PASS" signature="startExtent(java.lang.reflect.Method)[pri:0, instance:apps.ebay.AddcartPageTest@4520ebad]" name="startExtent" is-config="true" duration-ms="0" started-at="2022-06-24T19:24:55Z" finished-at="2022-06-24T19:24:55Z">
          <params>
            <param index="0">
              <value>
                <![CDATA[public void apps.ebay.AddcartPageTest.login()]]>
              </value>
            </param>
          </params>
          <reporter-output>
          </reporter-output>
        </test-method> <!-- startExtent -->
        <test-method status="PASS" signature="afterEachTestMethod(org.testng.ITestResult)[pri:0, instance:apps.ebay.AddcartPageTest@4520ebad]" name="afterEachTestMethod" is-config="true" duration-ms="1157" started-at="2022-06-24T19:25:27Z" finished-at="2022-06-24T19:25:28Z">
          <params>
            <param index="0">
              <value>
                <![CDATA[[TestResult name=login status=FAILURE method=AddcartPageTest.login()[pri:1, instance:apps.ebay.AddcartPageTest@4520ebad] output={null}]]]>
              </value>
            </param>
          </params>
          <reporter-output>
          </reporter-output>
        </test-method> <!-- afterEachTestMethod -->
      </class> <!-- apps.ebay.AddcartPageTest -->
      <class name="apps.ebay.CollectiblesArtPageTest">
        <test-method status="PASS" signature="setUp(boolean, java.lang.String, java.lang.String, java.lang.String, java.lang.String, java.lang.String, java.lang.String)[pri:0, instance:apps.ebay.CollectiblesArtPageTest@5034c75a]" name="setUp" is-config="true" duration-ms="5672" started-at="2022-06-24T19:16:52Z" finished-at="2022-06-24T19:16:58Z">
          <params>
            <param index="0">
              <value>
                <![CDATA[false]]>
              </value>
            </param>
            <param index="1">
              <value>
                <![CDATA[browserstack]]>
              </value>
            </param>
            <param index="2">
              <value>
                <![CDATA[windows]]>
              </value>
            </param>
            <param index="3">
              <value>
                <![CDATA[10]]>
              </value>
            </param>
            <param index="4">
              <value>
                <![CDATA[chrome]]>
              </value>
            </param>
            <param index="5">
              <value>
                <![CDATA[99]]>
              </value>
            </param>
            <param index="6">
              <value>
                <![CDATA[https://www.ebay.com]]>
              </value>
            </param>
          </params>
          <reporter-output>
          </reporter-output>
        </test-method> <!-- setUp -->
        <test-method status="PASS" signature="startExtent(java.lang.reflect.Method)[pri:0, instance:apps.ebay.CollectiblesArtPageTest@5034c75a]" name="startExtent" is-config="true" duration-ms="2" started-at="2022-06-24T19:16:58Z" finished-at="2022-06-24T19:16:58Z">
          <params>
            <param index="0">
              <value>
                <![CDATA[public void apps.ebay.CollectiblesArtPageTest.Antiq()]]>
              </value>
            </param>
          </params>
          <reporter-output>
          </reporter-output>
        </test-method> <!-- startExtent -->
        <test-method status="PASS" signature="Antiq()[pri:0, instance:apps.ebay.CollectiblesArtPageTest@5034c75a]" name="Antiq" duration-ms="3076" started-at="2022-06-24T19:16:58Z" finished-at="2022-06-24T19:17:01Z">
          <reporter-output>
          </reporter-output>
        </test-method> <!-- Antiq -->
        <test-method status="PASS" signature="afterEachTestMethod(org.testng.ITestResult)[pri:0, instance:apps.ebay.CollectiblesArtPageTest@5034c75a]" name="afterEachTestMethod" is-config="true" duration-ms="844" started-at="2022-06-24T19:17:01Z" finished-at="2022-06-24T19:17:02Z">
          <params>
            <param index="0">
              <value>
                <![CDATA[[TestResult name=Antiq status=SUCCESS method=CollectiblesArtPageTest.Antiq()[pri:0, instance:apps.ebay.CollectiblesArtPageTest@5034c75a] output={null}]]]>
              </value>
            </param>
          </params>
          <reporter-output>
          </reporter-output>
        </test-method> <!-- afterEachTestMethod -->
        <test-method status="PASS" signature="setUp(boolean, java.lang.String, java.lang.String, java.lang.String, java.lang.String, java.lang.String, java.lang.String)[pri:0, instance:apps.ebay.CollectiblesArtPageTest@5034c75a]" name="setUp" is-config="true" duration-ms="4832" started-at="2022-06-24T19:17:02Z" finished-at="2022-06-24T19:17:07Z">
          <params>
            <param index="0">
              <value>
                <![CDATA[false]]>
              </value>
            </param>
            <param index="1">
              <value>
                <![CDATA[browserstack]]>
              </value>
            </param>
            <param index="2">
              <value>
                <![CDATA[windows]]>
              </value>
            </param>
            <param index="3">
              <value>
                <![CDATA[10]]>
              </value>
            </param>
            <param index="4">
              <value>
                <![CDATA[chrome]]>
              </value>
            </param>
            <param index="5">
              <value>
                <![CDATA[99]]>
              </value>
            </param>
            <param index="6">
              <value>
                <![CDATA[https://www.ebay.com]]>
              </value>
            </param>
          </params>
          <reporter-output>
          </reporter-output>
        </test-method> <!-- setUp -->
        <test-method status="PASS" signature="startExtent(java.lang.reflect.Method)[pri:0, instance:apps.ebay.CollectiblesArtPageTest@5034c75a]" name="startExtent" is-config="true" duration-ms="1" started-at="2022-06-24T19:17:07Z" finished-at="2022-06-24T19:17:07Z">
          <params>
            <param index="0">
              <value>
                <![CDATA[public void apps.ebay.CollectiblesArtPageTest.Art()]]>
              </value>
            </param>
          </params>
          <reporter-output>
          </reporter-output>
        </test-method> <!-- startExtent -->
        <test-method status="PASS" signature="Art()[pri:0, instance:apps.ebay.CollectiblesArtPageTest@5034c75a]" name="Art" duration-ms="3919" started-at="2022-06-24T19:17:07Z" finished-at="2022-06-24T19:17:11Z">
          <reporter-output>
          </reporter-output>
        </test-method> <!-- Art -->
        <test-method status="PASS" signature="afterEachTestMethod(org.testng.ITestResult)[pri:0, instance:apps.ebay.CollectiblesArtPageTest@5034c75a]" name="afterEachTestMethod" is-config="true" duration-ms="798" started-at="2022-06-24T19:17:11Z" finished-at="2022-06-24T19:17:11Z">
          <params>
            <param index="0">
              <value>
                <![CDATA[[TestResult name=Art status=SUCCESS method=CollectiblesArtPageTest.Art()[pri:0, instance:apps.ebay.CollectiblesArtPageTest@5034c75a] output={null}]]]>
              </value>
            </param>
          </params>
          <reporter-output>
          </reporter-output>
        </test-method> <!-- afterEachTestMethod -->
        <test-method status="PASS" signature="setUp(boolean, java.lang.String, java.lang.String, java.lang.String, java.lang.String, java.lang.String, java.lang.String)[pri:0, instance:apps.ebay.CollectiblesArtPageTest@5034c75a]" name="setUp" is-config="true" duration-ms="4713" started-at="2022-06-24T19:17:11Z" finished-at="2022-06-24T19:17:16Z">
          <params>
            <param index="0">
              <value>
                <![CDATA[false]]>
              </value>
            </param>
            <param index="1">
              <value>
                <![CDATA[browserstack]]>
              </value>
            </param>
            <param index="2">
              <value>
                <![CDATA[windows]]>
              </value>
            </param>
            <param index="3">
              <value>
                <![CDATA[10]]>
              </value>
            </param>
            <param index="4">
              <value>
                <![CDATA[chrome]]>
              </value>
            </param>
            <param index="5">
              <value>
                <![CDATA[99]]>
              </value>
            </param>
            <param index="6">
              <value>
                <![CDATA[https://www.ebay.com]]>
              </value>
            </param>
          </params>
          <reporter-output>
          </reporter-output>
        </test-method> <!-- setUp -->
        <test-method status="PASS" signature="seeAntiq()[pri:0, instance:apps.ebay.CollectiblesArtPageTest@5034c75a]" name="seeAntiq" duration-ms="3699" started-at="2022-06-24T19:17:16Z" finished-at="2022-06-24T19:17:20Z">
          <reporter-output>
          </reporter-output>
        </test-method> <!-- seeAntiq -->
        <test-method status="PASS" signature="startExtent(java.lang.reflect.Method)[pri:0, instance:apps.ebay.CollectiblesArtPageTest@5034c75a]" name="startExtent" is-config="true" duration-ms="0" started-at="2022-06-24T19:17:16Z" finished-at="2022-06-24T19:17:16Z">
          <params>
            <param index="0">
              <value>
                <![CDATA[public void apps.ebay.CollectiblesArtPageTest.seeAntiq()]]>
              </value>
            </param>
          </params>
          <reporter-output>
          </reporter-output>
        </test-method> <!-- startExtent -->
        <test-method status="PASS" signature="afterEachTestMethod(org.testng.ITestResult)[pri:0, instance:apps.ebay.CollectiblesArtPageTest@5034c75a]" name="afterEachTestMethod" is-config="true" duration-ms="854" started-at="2022-06-24T19:17:20Z" finished-at="2022-06-24T19:17:21Z">
          <params>
            <param index="0">
              <value>
                <![CDATA[[TestResult name=seeAntiq status=SUCCESS method=CollectiblesArtPageTest.seeAntiq()[pri:0, instance:apps.ebay.CollectiblesArtPageTest@5034c75a] output={null}]]]>
              </value>
            </param>
          </params>
          <reporter-output>
          </reporter-output>
        </test-method> <!-- afterEachTestMethod -->
      </class> <!-- apps.ebay.CollectiblesArtPageTest -->
      <class name="apps.ebay.HelpAndContactPageTest">
        <test-method status="PASS" signature="setUp(boolean, java.lang.String, java.lang.String, java.lang.String, java.lang.String, java.lang.String, java.lang.String)[pri:0, instance:apps.ebay.HelpAndContactPageTest@6cc4c815]" name="setUp" is-config="true" duration-ms="4824" started-at="2022-06-24T19:12:45Z" finished-at="2022-06-24T19:12:50Z">
          <params>
            <param index="0">
              <value>
                <![CDATA[false]]>
              </value>
            </param>
            <param index="1">
              <value>
                <![CDATA[browserstack]]>
              </value>
            </param>
            <param index="2">
              <value>
                <![CDATA[windows]]>
              </value>
            </param>
            <param index="3">
              <value>
                <![CDATA[10]]>
              </value>
            </param>
            <param index="4">
              <value>
                <![CDATA[chrome]]>
              </value>
            </param>
            <param index="5">
              <value>
                <![CDATA[99]]>
              </value>
            </param>
            <param index="6">
              <value>
                <![CDATA[https://www.ebay.com]]>
              </value>
            </param>
          </params>
          <reporter-output>
          </reporter-output>
        </test-method> <!-- setUp -->
        <test-method status="PASS" signature="startExtent(java.lang.reflect.Method)[pri:0, instance:apps.ebay.HelpAndContactPageTest@6cc4c815]" name="startExtent" is-config="true" duration-ms="0" started-at="2022-06-24T19:12:50Z" finished-at="2022-06-24T19:12:50Z">
          <params>
            <param index="0">
              <value>
                <![CDATA[public void apps.ebay.HelpAndContactPageTest.Helpand()]]>
              </value>
            </param>
          </params>
          <reporter-output>
          </reporter-output>
        </test-method> <!-- startExtent -->
        <test-method status="PASS" signature="Helpand()[pri:0, instance:apps.ebay.HelpAndContactPageTest@6cc4c815]" name="Helpand" duration-ms="10187" started-at="2022-06-24T19:12:50Z" finished-at="2022-06-24T19:13:00Z">
          <reporter-output>
          </reporter-output>
        </test-method> <!-- Helpand -->
        <test-method status="PASS" signature="afterEachTestMethod(org.testng.ITestResult)[pri:0, instance:apps.ebay.HelpAndContactPageTest@6cc4c815]" name="afterEachTestMethod" is-config="true" duration-ms="903" started-at="2022-06-24T19:13:00Z" finished-at="2022-06-24T19:13:01Z">
          <params>
            <param index="0">
              <value>
                <![CDATA[[TestResult name=Helpand status=SUCCESS method=HelpAndContactPageTest.Helpand()[pri:0, instance:apps.ebay.HelpAndContactPageTest@6cc4c815] output={null}]]]>
              </value>
            </param>
          </params>
          <reporter-output>
          </reporter-output>
        </test-method> <!-- afterEachTestMethod -->
      </class> <!-- apps.ebay.HelpAndContactPageTest -->
      <class name="apps.ebay.CustomerServiceForShipingAndTrackingTest">
        <test-method status="PASS" signature="setUp(boolean, java.lang.String, java.lang.String, java.lang.String, java.lang.String, java.lang.String, java.lang.String)[pri:0, instance:apps.ebay.CustomerServiceForShipingAndTrackingTest@643b1d11]" name="setUp" is-config="true" duration-ms="4399" started-at="2022-06-24T19:14:07Z" finished-at="2022-06-24T19:14:11Z">
          <params>
            <param index="0">
              <value>
                <![CDATA[false]]>
              </value>
            </param>
            <param index="1">
              <value>
                <![CDATA[browserstack]]>
              </value>
            </param>
            <param index="2">
              <value>
                <![CDATA[windows]]>
              </value>
            </param>
            <param index="3">
              <value>
                <![CDATA[10]]>
              </value>
            </param>
            <param index="4">
              <value>
                <![CDATA[chrome]]>
              </value>
            </param>
            <param index="5">
              <value>
                <![CDATA[99]]>
              </value>
            </param>
            <param index="6">
              <value>
                <![CDATA[https://www.ebay.com]]>
              </value>
            </param>
          </params>
          <reporter-output>
          </reporter-output>
        </test-method> <!-- setUp -->
        <test-method status="PASS" signature="startExtent(java.lang.reflect.Method)[pri:0, instance:apps.ebay.CustomerServiceForShipingAndTrackingTest@643b1d11]" name="startExtent" is-config="true" duration-ms="2" started-at="2022-06-24T19:14:11Z" finished-at="2022-06-24T19:14:11Z">
          <params>
            <param index="0">
              <value>
                <![CDATA[public void apps.ebay.CustomerServiceForShipingAndTrackingTest.TracyourItem()]]>
              </value>
            </param>
          </params>
          <reporter-output>
          </reporter-output>
        </test-method> <!-- startExtent -->
        <test-method status="PASS" signature="TracyourItem()[pri:0, instance:apps.ebay.CustomerServiceForShipingAndTrackingTest@643b1d11]" name="TracyourItem" duration-ms="6258" started-at="2022-06-24T19:14:11Z" finished-at="2022-06-24T19:14:18Z">
          <reporter-output>
          </reporter-output>
        </test-method> <!-- TracyourItem -->
        <test-method status="PASS" signature="afterEachTestMethod(org.testng.ITestResult)[pri:0, instance:apps.ebay.CustomerServiceForShipingAndTrackingTest@643b1d11]" name="afterEachTestMethod" is-config="true" duration-ms="834" started-at="2022-06-24T19:14:18Z" finished-at="2022-06-24T19:14:18Z">
          <params>
            <param index="0">
              <value>
                <![CDATA[[TestResult name=TracyourItem status=SUCCESS method=CustomerServiceForShipingAndTrackingTest.TracyourItem()[pri:0, instance:apps.ebay.CustomerServiceForShipingAndTrackingTest@643b1d11] output={null}]]]>
              </value>
            </param>
          </params>
          <reporter-output>
          </reporter-output>
        </test-method> <!-- afterEachTestMethod -->
        <test-method status="PASS" signature="setUp(boolean, java.lang.String, java.lang.String, java.lang.String, java.lang.String, java.lang.String, java.lang.String)[pri:0, instance:apps.ebay.CustomerServiceForShipingAndTrackingTest@643b1d11]" name="setUp" is-config="true" duration-ms="4241" started-at="2022-06-24T19:14:18Z" finished-at="2022-06-24T19:14:23Z">
          <params>
            <param index="0">
              <value>
                <![CDATA[false]]>
              </value>
            </param>
            <param index="1">
              <value>
                <![CDATA[browserstack]]>
              </value>
            </param>
            <param index="2">
              <value>
                <![CDATA[windows]]>
              </value>
            </param>
            <param index="3">
              <value>
                <![CDATA[10]]>
              </value>
            </param>
            <param index="4">
              <value>
                <![CDATA[chrome]]>
              </value>
            </param>
            <param index="5">
              <value>
                <![CDATA[99]]>
              </value>
            </param>
            <param index="6">
              <value>
                <![CDATA[https://www.ebay.com]]>
              </value>
            </param>
          </params>
          <reporter-output>
          </reporter-output>
        </test-method> <!-- setUp -->
        <test-method status="PASS" signature="startExtent(java.lang.reflect.Method)[pri:0, instance:apps.ebay.CustomerServiceForShipingAndTrackingTest@643b1d11]" name="startExtent" is-config="true" duration-ms="1" started-at="2022-06-24T19:14:23Z" finished-at="2022-06-24T19:14:23Z">
          <params>
            <param index="0">
              <value>
                <![CDATA[public void apps.ebay.CustomerServiceForShipingAndTrackingTest.ship()]]>
              </value>
            </param>
          </params>
          <reporter-output>
          </reporter-output>
        </test-method> <!-- startExtent -->
        <test-method status="PASS" signature="ship()[pri:0, instance:apps.ebay.CustomerServiceForShipingAndTrackingTest@643b1d11]" name="ship" duration-ms="4848" started-at="2022-06-24T19:14:23Z" finished-at="2022-06-24T19:14:27Z">
          <reporter-output>
          </reporter-output>
        </test-method> <!-- ship -->
        <test-method status="PASS" signature="afterEachTestMethod(org.testng.ITestResult)[pri:0, instance:apps.ebay.CustomerServiceForShipingAndTrackingTest@643b1d11]" name="afterEachTestMethod" is-config="true" duration-ms="834" started-at="2022-06-24T19:14:27Z" finished-at="2022-06-24T19:14:28Z">
          <params>
            <param index="0">
              <value>
                <![CDATA[[TestResult name=ship status=SUCCESS method=CustomerServiceForShipingAndTrackingTest.ship()[pri:0, instance:apps.ebay.CustomerServiceForShipingAndTrackingTest@643b1d11] output={null}]]]>
              </value>
            </param>
          </params>
          <reporter-output>
          </reporter-output>
        </test-method> <!-- afterEachTestMethod -->
        <test-method status="PASS" signature="setUp(boolean, java.lang.String, java.lang.String, java.lang.String, java.lang.String, java.lang.String, java.lang.String)[pri:0, instance:apps.ebay.CustomerServiceForShipingAndTrackingTest@643b1d11]" name="setUp" is-config="true" duration-ms="4785" started-at="2022-06-24T19:14:28Z" finished-at="2022-06-24T19:14:33Z">
          <params>
            <param index="0">
              <value>
                <![CDATA[false]]>
              </value>
            </param>
            <param index="1">
              <value>
                <![CDATA[browserstack]]>
              </value>
            </param>
            <param index="2">
              <value>
                <![CDATA[windows]]>
              </value>
            </param>
            <param index="3">
              <value>
                <![CDATA[10]]>
              </value>
            </param>
            <param index="4">
              <value>
                <![CDATA[chrome]]>
              </value>
            </param>
            <param index="5">
              <value>
                <![CDATA[99]]>
              </value>
            </param>
            <param index="6">
              <value>
                <![CDATA[https://www.ebay.com]]>
              </value>
            </param>
          </params>
          <reporter-output>
          </reporter-output>
        </test-method> <!-- setUp -->
        <test-method status="PASS" signature="startExtent(java.lang.reflect.Method)[pri:0, instance:apps.ebay.CustomerServiceForShipingAndTrackingTest@643b1d11]" name="startExtent" is-config="true" duration-ms="1" started-at="2022-06-24T19:14:33Z" finished-at="2022-06-24T19:14:33Z">
          <params>
            <param index="0">
              <value>
                <![CDATA[public void apps.ebay.CustomerServiceForShipingAndTrackingTest.shpping()]]>
              </value>
            </param>
          </params>
          <reporter-output>
          </reporter-output>
        </test-method> <!-- startExtent -->
        <test-method status="PASS" signature="shpping()[pri:0, instance:apps.ebay.CustomerServiceForShipingAndTrackingTest@643b1d11]" name="shpping" duration-ms="3971" started-at="2022-06-24T19:14:33Z" finished-at="2022-06-24T19:14:37Z">
          <reporter-output>
          </reporter-output>
        </test-method> <!-- shpping -->
        <test-method status="PASS" signature="afterEachTestMethod(org.testng.ITestResult)[pri:0, instance:apps.ebay.CustomerServiceForShipingAndTrackingTest@643b1d11]" name="afterEachTestMethod" is-config="true" duration-ms="908" started-at="2022-06-24T19:14:37Z" finished-at="2022-06-24T19:14:38Z">
          <params>
            <param index="0">
              <value>
                <![CDATA[[TestResult name=shpping status=SUCCESS method=CustomerServiceForShipingAndTrackingTest.shpping()[pri:0, instance:apps.ebay.CustomerServiceForShipingAndTrackingTest@643b1d11] output={null}]]]>
              </value>
            </param>
          </params>
          <reporter-output>
          </reporter-output>
        </test-method> <!-- afterEachTestMethod -->
      </class> <!-- apps.ebay.CustomerServiceForShipingAndTrackingTest -->
      <class name="apps.ebay.SocialMediaPageTest">
        <test-method status="PASS" signature="setUp(boolean, java.lang.String, java.lang.String, java.lang.String, java.lang.String, java.lang.String, java.lang.String)[pri:0, instance:apps.ebay.SocialMediaPageTest@62ee68d8]" name="setUp" is-config="true" duration-ms="4427" started-at="2022-06-24T19:19:47Z" finished-at="2022-06-24T19:19:52Z">
          <params>
            <param index="0">
              <value>
                <![CDATA[false]]>
              </value>
            </param>
            <param index="1">
              <value>
                <![CDATA[browserstack]]>
              </value>
            </param>
            <param index="2">
              <value>
                <![CDATA[windows]]>
              </value>
            </param>
            <param index="3">
              <value>
                <![CDATA[10]]>
              </value>
            </param>
            <param index="4">
              <value>
                <![CDATA[chrome]]>
              </value>
            </param>
            <param index="5">
              <value>
                <![CDATA[99]]>
              </value>
            </param>
            <param index="6">
              <value>
                <![CDATA[https://www.ebay.com]]>
              </value>
            </param>
          </params>
          <reporter-output>
          </reporter-output>
        </test-method> <!-- setUp -->
        <test-method status="PASS" signature="startExtent(java.lang.reflect.Method)[pri:0, instance:apps.ebay.SocialMediaPageTest@62ee68d8]" name="startExtent" is-config="true" duration-ms="0" started-at="2022-06-24T19:19:52Z" finished-at="2022-06-24T19:19:52Z">
          <params>
            <param index="0">
              <value>
                <![CDATA[public void apps.ebay.SocialMediaPageTest.Facebook()]]>
              </value>
            </param>
          </params>
          <reporter-output>
          </reporter-output>
        </test-method> <!-- startExtent -->
        <test-method status="PASS" signature="Facebook()[pri:0, instance:apps.ebay.SocialMediaPageTest@62ee68d8]" name="Facebook" duration-ms="10696" started-at="2022-06-24T19:19:52Z" finished-at="2022-06-24T19:20:02Z">
          <reporter-output>
          </reporter-output>
        </test-method> <!-- Facebook -->
        <test-method status="PASS" signature="afterEachTestMethod(org.testng.ITestResult)[pri:0, instance:apps.ebay.SocialMediaPageTest@62ee68d8]" name="afterEachTestMethod" is-config="true" duration-ms="1014" started-at="2022-06-24T19:20:02Z" finished-at="2022-06-24T19:20:03Z">
          <params>
            <param index="0">
              <value>
                <![CDATA[[TestResult name=Facebook status=SUCCESS method=SocialMediaPageTest.Facebook()[pri:0, instance:apps.ebay.SocialMediaPageTest@62ee68d8] output={null}]]]>
              </value>
            </param>
          </params>
          <reporter-output>
          </reporter-output>
        </test-method> <!-- afterEachTestMethod -->
        <test-method status="PASS" signature="setUp(boolean, java.lang.String, java.lang.String, java.lang.String, java.lang.String, java.lang.String, java.lang.String)[pri:0, instance:apps.ebay.SocialMediaPageTest@62ee68d8]" name="setUp" is-config="true" duration-ms="4852" started-at="2022-06-24T19:20:03Z" finished-at="2022-06-24T19:20:08Z">
          <params>
            <param index="0">
              <value>
                <![CDATA[false]]>
              </value>
            </param>
            <param index="1">
              <value>
                <![CDATA[browserstack]]>
              </value>
            </param>
            <param index="2">
              <value>
                <![CDATA[windows]]>
              </value>
            </param>
            <param index="3">
              <value>
                <![CDATA[10]]>
              </value>
            </param>
            <param index="4">
              <value>
                <![CDATA[chrome]]>
              </value>
            </param>
            <param index="5">
              <value>
                <![CDATA[99]]>
              </value>
            </param>
            <param index="6">
              <value>
                <![CDATA[https://www.ebay.com]]>
              </value>
            </param>
          </params>
          <reporter-output>
          </reporter-output>
        </test-method> <!-- setUp -->
        <test-method status="PASS" signature="startExtent(java.lang.reflect.Method)[pri:0, instance:apps.ebay.SocialMediaPageTest@62ee68d8]" name="startExtent" is-config="true" duration-ms="1" started-at="2022-06-24T19:20:08Z" finished-at="2022-06-24T19:20:08Z">
          <params>
            <param index="0">
              <value>
                <![CDATA[public void apps.ebay.SocialMediaPageTest.Twitter()]]>
              </value>
            </param>
          </params>
          <reporter-output>
          </reporter-output>
        </test-method> <!-- startExtent -->
        <test-method status="PASS" signature="Twitter()[pri:0, instance:apps.ebay.SocialMediaPageTest@62ee68d8]" name="Twitter" duration-ms="83" started-at="2022-06-24T19:20:08Z" finished-at="2022-06-24T19:20:08Z">
          <reporter-output>
          </reporter-output>
        </test-method> <!-- Twitter -->
        <test-method status="PASS" signature="afterEachTestMethod(org.testng.ITestResult)[pri:0, instance:apps.ebay.SocialMediaPageTest@62ee68d8]" name="afterEachTestMethod" is-config="true" duration-ms="919" started-at="2022-06-24T19:20:08Z" finished-at="2022-06-24T19:20:09Z">
          <params>
            <param index="0">
              <value>
                <![CDATA[[TestResult name=Twitter status=SUCCESS method=SocialMediaPageTest.Twitter()[pri:0, instance:apps.ebay.SocialMediaPageTest@62ee68d8] output={null}]]]>
              </value>
            </param>
          </params>
          <reporter-output>
          </reporter-output>
        </test-method> <!-- afterEachTestMethod -->
      </class> <!-- apps.ebay.SocialMediaPageTest -->
      <class name="apps.ebay.CustomerServiceForBuyingTest">
        <test-method status="PASS" signature="setUp(boolean, java.lang.String, java.lang.String, java.lang.String, java.lang.String, java.lang.String, java.lang.String)[pri:0, instance:apps.ebay.CustomerServiceForBuyingTest@3a82f6ef]" name="setUp" is-config="true" duration-ms="4700" started-at="2022-06-24T19:13:01Z" finished-at="2022-06-24T19:13:06Z">
          <params>
            <param index="0">
              <value>
                <![CDATA[false]]>
              </value>
            </param>
            <param index="1">
              <value>
                <![CDATA[browserstack]]>
              </value>
            </param>
            <param index="2">
              <value>
                <![CDATA[windows]]>
              </value>
            </param>
            <param index="3">
              <value>
                <![CDATA[10]]>
              </value>
            </param>
            <param index="4">
              <value>
                <![CDATA[chrome]]>
              </value>
            </param>
            <param index="5">
              <value>
                <![CDATA[99]]>
              </value>
            </param>
            <param index="6">
              <value>
                <![CDATA[https://www.ebay.com]]>
              </value>
            </param>
          </params>
          <reporter-output>
          </reporter-output>
        </test-method> <!-- setUp -->
        <test-method status="PASS" signature="startExtent(java.lang.reflect.Method)[pri:0, instance:apps.ebay.CustomerServiceForBuyingTest@3a82f6ef]" name="startExtent" is-config="true" duration-ms="1" started-at="2022-06-24T19:13:06Z" finished-at="2022-06-24T19:13:06Z">
          <params>
            <param index="0">
              <value>
                <![CDATA[public void apps.ebay.CustomerServiceForBuyingTest.Asguest()]]>
              </value>
            </param>
          </params>
          <reporter-output>
          </reporter-output>
        </test-method> <!-- startExtent -->
        <test-method status="PASS" signature="Asguest()[pri:0, instance:apps.ebay.CustomerServiceForBuyingTest@3a82f6ef]" name="Asguest" duration-ms="6460" started-at="2022-06-24T19:13:06Z" finished-at="2022-06-24T19:13:12Z">
          <reporter-output>
          </reporter-output>
        </test-method> <!-- Asguest -->
        <test-method status="PASS" signature="afterEachTestMethod(org.testng.ITestResult)[pri:0, instance:apps.ebay.CustomerServiceForBuyingTest@3a82f6ef]" name="afterEachTestMethod" is-config="true" duration-ms="976" started-at="2022-06-24T19:13:12Z" finished-at="2022-06-24T19:13:13Z">
          <params>
            <param index="0">
              <value>
                <![CDATA[[TestResult name=Asguest status=SUCCESS method=CustomerServiceForBuyingTest.Asguest()[pri:0, instance:apps.ebay.CustomerServiceForBuyingTest@3a82f6ef] output={null}]]]>
              </value>
            </param>
          </params>
          <reporter-output>
          </reporter-output>
        </test-method> <!-- afterEachTestMethod -->
        <test-method status="PASS" signature="setUp(boolean, java.lang.String, java.lang.String, java.lang.String, java.lang.String, java.lang.String, java.lang.String)[pri:0, instance:apps.ebay.CustomerServiceForBuyingTest@3a82f6ef]" name="setUp" is-config="true" duration-ms="4625" started-at="2022-06-24T19:13:13Z" finished-at="2022-06-24T19:13:18Z">
          <params>
            <param index="0">
              <value>
                <![CDATA[false]]>
              </value>
            </param>
            <param index="1">
              <value>
                <![CDATA[browserstack]]>
              </value>
            </param>
            <param index="2">
              <value>
                <![CDATA[windows]]>
              </value>
            </param>
            <param index="3">
              <value>
                <![CDATA[10]]>
              </value>
            </param>
            <param index="4">
              <value>
                <![CDATA[chrome]]>
              </value>
            </param>
            <param index="5">
              <value>
                <![CDATA[99]]>
              </value>
            </param>
            <param index="6">
              <value>
                <![CDATA[https://www.ebay.com]]>
              </value>
            </param>
          </params>
          <reporter-output>
          </reporter-output>
        </test-method> <!-- setUp -->
        <test-method status="PASS" signature="startExtent(java.lang.reflect.Method)[pri:0, instance:apps.ebay.CustomerServiceForBuyingTest@3a82f6ef]" name="startExtent" is-config="true" duration-ms="1" started-at="2022-06-24T19:13:18Z" finished-at="2022-06-24T19:13:18Z">
          <params>
            <param index="0">
              <value>
                <![CDATA[public void apps.ebay.CustomerServiceForBuyingTest.buying()]]>
              </value>
            </param>
          </params>
          <reporter-output>
          </reporter-output>
        </test-method> <!-- startExtent -->
        <test-method status="PASS" signature="buying()[pri:0, instance:apps.ebay.CustomerServiceForBuyingTest@3a82f6ef]" name="buying" duration-ms="5417" started-at="2022-06-24T19:13:18Z" finished-at="2022-06-24T19:13:23Z">
          <reporter-output>
          </reporter-output>
        </test-method> <!-- buying -->
        <test-method status="PASS" signature="afterEachTestMethod(org.testng.ITestResult)[pri:0, instance:apps.ebay.CustomerServiceForBuyingTest@3a82f6ef]" name="afterEachTestMethod" is-config="true" duration-ms="849" started-at="2022-06-24T19:13:23Z" finished-at="2022-06-24T19:13:24Z">
          <params>
            <param index="0">
              <value>
                <![CDATA[[TestResult name=buying status=SUCCESS method=CustomerServiceForBuyingTest.buying()[pri:0, instance:apps.ebay.CustomerServiceForBuyingTest@3a82f6ef] output={null}]]]>
              </value>
            </param>
          </params>
          <reporter-output>
          </reporter-output>
        </test-method> <!-- afterEachTestMethod -->
        <test-method status="PASS" signature="setUp(boolean, java.lang.String, java.lang.String, java.lang.String, java.lang.String, java.lang.String, java.lang.String)[pri:0, instance:apps.ebay.CustomerServiceForBuyingTest@3a82f6ef]" name="setUp" is-config="true" duration-ms="4564" started-at="2022-06-24T19:13:24Z" finished-at="2022-06-24T19:13:29Z">
          <params>
            <param index="0">
              <value>
                <![CDATA[false]]>
              </value>
            </param>
            <param index="1">
              <value>
                <![CDATA[browserstack]]>
              </value>
            </param>
            <param index="2">
              <value>
                <![CDATA[windows]]>
              </value>
            </param>
            <param index="3">
              <value>
                <![CDATA[10]]>
              </value>
            </param>
            <param index="4">
              <value>
                <![CDATA[chrome]]>
              </value>
            </param>
            <param index="5">
              <value>
                <![CDATA[99]]>
              </value>
            </param>
            <param index="6">
              <value>
                <![CDATA[https://www.ebay.com]]>
              </value>
            </param>
          </params>
          <reporter-output>
          </reporter-output>
        </test-method> <!-- setUp -->
        <test-method status="PASS" signature="startExtent(java.lang.reflect.Method)[pri:0, instance:apps.ebay.CustomerServiceForBuyingTest@3a82f6ef]" name="startExtent" is-config="true" duration-ms="1" started-at="2022-06-24T19:13:29Z" finished-at="2022-06-24T19:13:29Z">
          <params>
            <param index="0">
              <value>
                <![CDATA[public void apps.ebay.CustomerServiceForBuyingTest.forBuuing()]]>
              </value>
            </param>
          </params>
          <reporter-output>
          </reporter-output>
        </test-method> <!-- startExtent -->
        <test-method status="PASS" signature="forBuuing()[pri:0, instance:apps.ebay.CustomerServiceForBuyingTest@3a82f6ef]" name="forBuuing" duration-ms="3943" started-at="2022-06-24T19:13:29Z" finished-at="2022-06-24T19:13:33Z">
          <reporter-output>
          </reporter-output>
        </test-method> <!-- forBuuing -->
        <test-method status="PASS" signature="afterEachTestMethod(org.testng.ITestResult)[pri:0, instance:apps.ebay.CustomerServiceForBuyingTest@3a82f6ef]" name="afterEachTestMethod" is-config="true" duration-ms="805" started-at="2022-06-24T19:13:33Z" finished-at="2022-06-24T19:13:33Z">
          <params>
            <param index="0">
              <value>
                <![CDATA[[TestResult name=forBuuing status=SUCCESS method=CustomerServiceForBuyingTest.forBuuing()[pri:0, instance:apps.ebay.CustomerServiceForBuyingTest@3a82f6ef] output={null}]]]>
              </value>
            </param>
          </params>
          <reporter-output>
          </reporter-output>
        </test-method> <!-- afterEachTestMethod -->
      </class> <!-- apps.ebay.CustomerServiceForBuyingTest -->
      <class name="apps.ebay.ClothingShoesPagesTest">
        <test-method status="PASS" signature="setUp(boolean, java.lang.String, java.lang.String, java.lang.String, java.lang.String, java.lang.String, java.lang.String)[pri:0, instance:apps.ebay.ClothingShoesPagesTest@51081592]" name="setUp" is-config="true" duration-ms="4674" started-at="2022-06-24T19:17:48Z" finished-at="2022-06-24T19:17:53Z">
          <params>
            <param index="0">
              <value>
                <![CDATA[false]]>
              </value>
            </param>
            <param index="1">
              <value>
                <![CDATA[browserstack]]>
              </value>
            </param>
            <param index="2">
              <value>
                <![CDATA[windows]]>
              </value>
            </param>
            <param index="3">
              <value>
                <![CDATA[10]]>
              </value>
            </param>
            <param index="4">
              <value>
                <![CDATA[chrome]]>
              </value>
            </param>
            <param index="5">
              <value>
                <![CDATA[99]]>
              </value>
            </param>
            <param index="6">
              <value>
                <![CDATA[https://www.ebay.com]]>
              </value>
            </param>
          </params>
          <reporter-output>
          </reporter-output>
        </test-method> <!-- setUp -->
        <test-method status="PASS" signature="startExtent(java.lang.reflect.Method)[pri:0, instance:apps.ebay.ClothingShoesPagesTest@51081592]" name="startExtent" is-config="true" duration-ms="1" started-at="2022-06-24T19:17:53Z" finished-at="2022-06-24T19:17:53Z">
          <params>
            <param index="0">
              <value>
                <![CDATA[public void apps.ebay.ClothingShoesPagesTest.ClothingShoes()]]>
              </value>
            </param>
          </params>
          <reporter-output>
          </reporter-output>
        </test-method> <!-- startExtent -->
        <test-method status="PASS" signature="ClothingShoes()[pri:0, instance:apps.ebay.ClothingShoesPagesTest@51081592]" name="ClothingShoes" duration-ms="3711" started-at="2022-06-24T19:17:53Z" finished-at="2022-06-24T19:17:56Z">
          <reporter-output>
          </reporter-output>
        </test-method> <!-- ClothingShoes -->
        <test-method status="PASS" signature="afterEachTestMethod(org.testng.ITestResult)[pri:0, instance:apps.ebay.ClothingShoesPagesTest@51081592]" name="afterEachTestMethod" is-config="true" duration-ms="866" started-at="2022-06-24T19:17:56Z" finished-at="2022-06-24T19:17:57Z">
          <params>
            <param index="0">
              <value>
                <![CDATA[[TestResult name=ClothingShoes status=SUCCESS method=ClothingShoesPagesTest.ClothingShoes()[pri:0, instance:apps.ebay.ClothingShoesPagesTest@51081592] output={null}]]]>
              </value>
            </param>
          </params>
          <reporter-output>
          </reporter-output>
        </test-method> <!-- afterEachTestMethod -->
        <test-method status="PASS" signature="setUp(boolean, java.lang.String, java.lang.String, java.lang.String, java.lang.String, java.lang.String, java.lang.String)[pri:0, instance:apps.ebay.ClothingShoesPagesTest@51081592]" name="setUp" is-config="true" duration-ms="4275" started-at="2022-06-24T19:17:57Z" finished-at="2022-06-24T19:18:02Z">
          <params>
            <param index="0">
              <value>
                <![CDATA[false]]>
              </value>
            </param>
            <param index="1">
              <value>
                <![CDATA[browserstack]]>
              </value>
            </param>
            <param index="2">
              <value>
                <![CDATA[windows]]>
              </value>
            </param>
            <param index="3">
              <value>
                <![CDATA[10]]>
              </value>
            </param>
            <param index="4">
              <value>
                <![CDATA[chrome]]>
              </value>
            </param>
            <param index="5">
              <value>
                <![CDATA[99]]>
              </value>
            </param>
            <param index="6">
              <value>
                <![CDATA[https://www.ebay.com]]>
              </value>
            </param>
          </params>
          <reporter-output>
          </reporter-output>
        </test-method> <!-- setUp -->
        <test-method status="PASS" signature="startExtent(java.lang.reflect.Method)[pri:0, instance:apps.ebay.ClothingShoesPagesTest@51081592]" name="startExtent" is-config="true" duration-ms="0" started-at="2022-06-24T19:18:02Z" finished-at="2022-06-24T19:18:02Z">
          <params>
            <param index="0">
              <value>
                <![CDATA[public void apps.ebay.ClothingShoesPagesTest.allWomen()]]>
              </value>
            </param>
          </params>
          <reporter-output>
          </reporter-output>
        </test-method> <!-- startExtent -->
        <test-method status="FAIL" signature="allWomen()[pri:0, instance:apps.ebay.ClothingShoesPagesTest@51081592]" name="allWomen" duration-ms="13347" started-at="2022-06-24T19:18:02Z" finished-at="2022-06-24T19:18:15Z">
          <exception class="org.openqa.selenium.NoSuchElementException">
            <message>
              <![CDATA[no such element: Unable to locate element: {"method":"css selector","selector":"body.no-touch.skin-large.whitebg.DS6-enabled.flex-lg.gh-1199.gh-979.gh-939.gh-flex:nth-child(2) div.pagecontainer.srp-main--isLarge:nth-child(7) div.pagecontainer__leftnav.b-sidenav div.container:nth-child(1) div.dialog__cell section.b-module.b-list.b-speciallinks.b-display--landscape:nth-child(1) ul:nth-child(2) li.b-links-accordion:nth-child(1) ul.b-accordion-subtree li:nth-child(2) > a.b-textlink.b-textlink--sibling"}
  (Session info: chrome=103.0.5060.53)
For documentation on this error, please visit: https://selenium.dev/exceptions/#no_such_element
Build info: version: '4.1.4', revision: '535d840ee2'
System info: host: 'DEADPOOL', ip: '192.168.1.107', os.name: 'Windows 10', os.arch: 'amd64', os.version: '10.0', java.version: '1.8.0_333'
Driver info: org.openqa.selenium.chrome.ChromeDriver
Command: [db90233563734142195f62e98e177466, findElement {using=css selector, value=body.no-touch.skin-large.whitebg.DS6-enabled.flex-lg.gh-1199.gh-979.gh-939.gh-flex:nth-child(2) div.pagecontainer.srp-main--isLarge:nth-child(7) div.pagecontainer__leftnav.b-sidenav div.container:nth-child(1) div.dialog__cell section.b-module.b-list.b-speciallinks.b-display--landscape:nth-child(1) ul:nth-child(2) li.b-links-accordion:nth-child(1) ul.b-accordion-subtree li:nth-child(2) > a.b-textlink.b-textlink--sibling}]
Capabilities {acceptInsecureCerts: false, browserName: chrome, browserVersion: 103.0.5060.53, chrome: {chromedriverVersion: 102.0.5005.61 (0e59bcc00cc4..., userDataDir: C:\Users\ronyc\AppData\Loca...}, goog:chromeOptions: {debuggerAddress: localhost:5775}, javascriptEnabled: true, networkConnectionEnabled: false, pageLoadStrategy: normal, platform: WINDOWS, platformName: WINDOWS, proxy: Proxy(), se:cdp: ws://localhost:5775/devtool..., se:cdpVersion: 103.0.5060.53, setWindowRect: true, strictFileInteractability: false, timeouts: {implicit: 0, pageLoad: 300000, script: 30000}, unhandledPromptBehavior: dismiss and notify, webauthn:extension:credBlob: true, webauthn:extension:largeBlob: true, webauthn:virtualAuthenticators: true}
Session ID: db90233563734142195f62e98e177466]]>
            </message>
            <full-stacktrace>
              <![CDATA[org.openqa.selenium.NoSuchElementException: no such element: Unable to locate element: {"method":"css selector","selector":"body.no-touch.skin-large.whitebg.DS6-enabled.flex-lg.gh-1199.gh-979.gh-939.gh-flex:nth-child(2) div.pagecontainer.srp-main--isLarge:nth-child(7) div.pagecontainer__leftnav.b-sidenav div.container:nth-child(1) div.dialog__cell section.b-module.b-list.b-speciallinks.b-display--landscape:nth-child(1) ul:nth-child(2) li.b-links-accordion:nth-child(1) ul.b-accordion-subtree li:nth-child(2) > a.b-textlink.b-textlink--sibling"}
  (Session info: chrome=103.0.5060.53)
For documentation on this error, please visit: https://selenium.dev/exceptions/#no_such_element
Build info: version: '4.1.4', revision: '535d840ee2'
System info: host: 'DEADPOOL', ip: '192.168.1.107', os.name: 'Windows 10', os.arch: 'amd64', os.version: '10.0', java.version: '1.8.0_333'
Driver info: org.openqa.selenium.chrome.ChromeDriver
Command: [db90233563734142195f62e98e177466, findElement {using=css selector, value=body.no-touch.skin-large.whitebg.DS6-enabled.flex-lg.gh-1199.gh-979.gh-939.gh-flex:nth-child(2) div.pagecontainer.srp-main--isLarge:nth-child(7) div.pagecontainer__leftnav.b-sidenav div.container:nth-child(1) div.dialog__cell section.b-module.b-list.b-speciallinks.b-display--landscape:nth-child(1) ul:nth-child(2) li.b-links-accordion:nth-child(1) ul.b-accordion-subtree li:nth-child(2) > a.b-textlink.b-textlink--sibling}]
Capabilities {acceptInsecureCerts: false, browserName: chrome, browserVersion: 103.0.5060.53, chrome: {chromedriverVersion: 102.0.5005.61 (0e59bcc00cc4..., userDataDir: C:\Users\ronyc\AppData\Loca...}, goog:chromeOptions: {debuggerAddress: localhost:5775}, javascriptEnabled: true, networkConnectionEnabled: false, pageLoadStrategy: normal, platform: WINDOWS, platformName: WINDOWS, proxy: Proxy(), se:cdp: ws://localhost:5775/devtool..., se:cdpVersion: 103.0.5060.53, setWindowRect: true, strictFileInteractability: false, timeouts: {implicit: 0, pageLoad: 300000, script: 30000}, unhandledPromptBehavior: dismiss and notify, webauthn:extension:credBlob: true, webauthn:extension:largeBlob: true, webauthn:virtualAuthenticators: true}
Session ID: db90233563734142195f62e98e177466
at sun.reflect.NativeConstructorAccessorImpl.newInstance0(Native Method)
at sun.reflect.NativeConstructorAccessorImpl.newInstance(NativeConstructorAccessorImpl.java:62)
at sun.reflect.DelegatingConstructorAccessorImpl.newInstance(DelegatingConstructorAccessorImpl.java:45)
at java.lang.reflect.Constructor.newInstance(Constructor.java:423)
at org.openqa.selenium.remote.codec.w3c.W3CHttpResponseCodec.createException(W3CHttpResponseCodec.java:200)
at org.openqa.selenium.remote.codec.w3c.W3CHttpResponseCodec.decode(W3CHttpResponseCodec.java:133)
at org.openqa.selenium.remote.codec.w3c.W3CHttpResponseCodec.decode(W3CHttpResponseCodec.java:53)
at org.openqa.selenium.remote.HttpCommandExecutor.execute(HttpCommandExecutor.java:184)
at org.openqa.selenium.remote.service.DriverCommandExecutor.invokeExecute(DriverCommandExecutor.java:167)
at org.openqa.selenium.remote.service.DriverCommandExecutor.execute(DriverCommandExecutor.java:142)
at org.openqa.selenium.remote.RemoteWebDriver.execute(RemoteWebDriver.java:567)
at org.openqa.selenium.remote.ElementLocation$ElementFinder$2.findElement(ElementLocation.java:162)
at org.openqa.selenium.remote.ElementLocation.findElement(ElementLocation.java:60)
at org.openqa.selenium.remote.RemoteWebDriver.findElement(RemoteWebDriver.java:385)
at org.openqa.selenium.remote.RemoteWebDriver.findElement(RemoteWebDriver.java:377)
at org.openqa.selenium.support.pagefactory.DefaultElementLocator.findElement(DefaultElementLocator.java:70)
at org.openqa.selenium.support.pagefactory.internal.LocatingElementHandler.invoke(LocatingElementHandler.java:39)
at com.sun.proxy.$Proxy17.click(Unknown Source)
at base.CommonAPI.click(CommonAPI.java:188)
at pages.ebay.ClothingShoesPages.setSeeAllWomen(ClothingShoesPages.java:30)
at apps.ebay.ClothingShoesPagesTest.allWomen(ClothingShoesPagesTest.java:31)
at sun.reflect.NativeMethodAccessorImpl.invoke0(Native Method)
at sun.reflect.NativeMethodAccessorImpl.invoke(NativeMethodAccessorImpl.java:62)
at sun.reflect.DelegatingMethodAccessorImpl.invoke(DelegatingMethodAccessorImpl.java:43)
at java.lang.reflect.Method.invoke(Method.java:498)
at org.testng.internal.MethodInvocationHelper.invokeMethod(MethodInvocationHelper.java:124)
at org.testng.internal.Invoker.invokeMethod(Invoker.java:583)
at org.testng.internal.Invoker.invokeTestMethod(Invoker.java:719)
at org.testng.internal.Invoker.invokeTestMethods(Invoker.java:989)
at org.testng.internal.TestMethodWorker.invokeTestMethods(TestMethodWorker.java:125)
at org.testng.internal.TestMethodWorker.run(TestMethodWorker.java:109)
at org.testng.TestRunner.privateRun(TestRunner.java:648)
at org.testng.TestRunner.run(TestRunner.java:505)
at org.testng.SuiteRunner.runTest(SuiteRunner.java:455)
at org.testng.SuiteRunner.runSequentially(SuiteRunner.java:450)
at org.testng.SuiteRunner.privateRun(SuiteRunner.java:415)
at org.testng.SuiteRunner.run(SuiteRunner.java:364)
at org.testng.SuiteRunnerWorker.runSuite(SuiteRunnerWorker.java:52)
at org.testng.SuiteRunnerWorker.run(SuiteRunnerWorker.java:84)
at org.testng.TestNG.runSuitesSequentially(TestNG.java:1208)
at org.testng.TestNG.runSuitesLocally(TestNG.java:1137)
at org.testng.TestNG.runSuites(TestNG.java:1049)
at org.testng.TestNG.run(TestNG.java:1017)
at com.intellij.rt.testng.IDEARemoteTestNG.run(IDEARemoteTestNG.java:66)
at com.intellij.rt.testng.RemoteTestNGStarter.main(RemoteTestNGStarter.java:109)
]]>
            </full-stacktrace>
          </exception> <!-- org.openqa.selenium.NoSuchElementException -->
          <reporter-output>
          </reporter-output>
        </test-method> <!-- allWomen -->
        <test-method status="PASS" signature="afterEachTestMethod(org.testng.ITestResult)[pri:0, instance:apps.ebay.ClothingShoesPagesTest@51081592]" name="afterEachTestMethod" is-config="true" duration-ms="845" started-at="2022-06-24T19:18:15Z" finished-at="2022-06-24T19:18:16Z">
          <params>
            <param index="0">
              <value>
                <![CDATA[[TestResult name=allWomen status=FAILURE method=ClothingShoesPagesTest.allWomen()[pri:0, instance:apps.ebay.ClothingShoesPagesTest@51081592] output={null}]]]>
              </value>
            </param>
          </params>
          <reporter-output>
          </reporter-output>
        </test-method> <!-- afterEachTestMethod -->
        <test-method status="PASS" signature="setUp(boolean, java.lang.String, java.lang.String, java.lang.String, java.lang.String, java.lang.String, java.lang.String)[pri:0, instance:apps.ebay.ClothingShoesPagesTest@51081592]" name="setUp" is-config="true" duration-ms="4839" started-at="2022-06-24T19:18:16Z" finished-at="2022-06-24T19:18:21Z">
          <params>
            <param index="0">
              <value>
                <![CDATA[false]]>
              </value>
            </param>
            <param index="1">
              <value>
                <![CDATA[browserstack]]>
              </value>
            </param>
            <param index="2">
              <value>
                <![CDATA[windows]]>
              </value>
            </param>
            <param index="3">
              <value>
                <![CDATA[10]]>
              </value>
            </param>
            <param index="4">
              <value>
                <![CDATA[chrome]]>
              </value>
            </param>
            <param index="5">
              <value>
                <![CDATA[99]]>
              </value>
            </param>
            <param index="6">
              <value>
                <![CDATA[https://www.ebay.com]]>
              </value>
            </param>
          </params>
          <reporter-output>
          </reporter-output>
        </test-method> <!-- setUp -->
        <test-method status="PASS" signature="startExtent(java.lang.reflect.Method)[pri:0, instance:apps.ebay.ClothingShoesPagesTest@51081592]" name="startExtent" is-config="true" duration-ms="1" started-at="2022-06-24T19:18:21Z" finished-at="2022-06-24T19:18:21Z">
          <params>
            <param index="0">
              <value>
                <![CDATA[public void apps.ebay.ClothingShoesPagesTest.women()]]>
              </value>
            </param>
          </params>
          <reporter-output>
          </reporter-output>
        </test-method> <!-- startExtent -->
        <test-method status="PASS" signature="women()[pri:0, instance:apps.ebay.ClothingShoesPagesTest@51081592]" name="women" duration-ms="3678" started-at="2022-06-24T19:18:21Z" finished-at="2022-06-24T19:18:24Z">
          <reporter-output>
          </reporter-output>
        </test-method> <!-- women -->
        <test-method status="PASS" signature="afterEachTestMethod(org.testng.ITestResult)[pri:0, instance:apps.ebay.ClothingShoesPagesTest@51081592]" name="afterEachTestMethod" is-config="true" duration-ms="796" started-at="2022-06-24T19:18:24Z" finished-at="2022-06-24T19:18:25Z">
          <params>
            <param index="0">
              <value>
                <![CDATA[[TestResult name=women status=SUCCESS method=ClothingShoesPagesTest.women()[pri:0, instance:apps.ebay.ClothingShoesPagesTest@51081592] output={null}]]]>
              </value>
            </param>
          </params>
          <reporter-output>
          </reporter-output>
        </test-method> <!-- afterEachTestMethod -->
      </class> <!-- apps.ebay.ClothingShoesPagesTest -->
      <class name="apps.ebay.CustomerServiceForAccountTest">
        <test-method status="PASS" signature="setUp(boolean, java.lang.String, java.lang.String, java.lang.String, java.lang.String, java.lang.String, java.lang.String)[pri:0, instance:apps.ebay.CustomerServiceForAccountTest@2ef5e5e3]" name="setUp" is-config="true" duration-ms="4186" started-at="2022-06-24T19:14:38Z" finished-at="2022-06-24T19:14:42Z">
          <params>
            <param index="0">
              <value>
                <![CDATA[false]]>
              </value>
            </param>
            <param index="1">
              <value>
                <![CDATA[browserstack]]>
              </value>
            </param>
            <param index="2">
              <value>
                <![CDATA[windows]]>
              </value>
            </param>
            <param index="3">
              <value>
                <![CDATA[10]]>
              </value>
            </param>
            <param index="4">
              <value>
                <![CDATA[chrome]]>
              </value>
            </param>
            <param index="5">
              <value>
                <![CDATA[99]]>
              </value>
            </param>
            <param index="6">
              <value>
                <![CDATA[https://www.ebay.com]]>
              </value>
            </param>
          </params>
          <reporter-output>
          </reporter-output>
        </test-method> <!-- setUp -->
        <test-method status="PASS" signature="startExtent(java.lang.reflect.Method)[pri:0, instance:apps.ebay.CustomerServiceForAccountTest@2ef5e5e3]" name="startExtent" is-config="true" duration-ms="1" started-at="2022-06-24T19:14:42Z" finished-at="2022-06-24T19:14:42Z">
          <params>
            <param index="0">
              <value>
                <![CDATA[public void apps.ebay.CustomerServiceForAccountTest.ResetPass()]]>
              </value>
            </param>
          </params>
          <reporter-output>
          </reporter-output>
        </test-method> <!-- startExtent -->
        <test-method status="PASS" signature="ResetPass()[pri:0, instance:apps.ebay.CustomerServiceForAccountTest@2ef5e5e3]" name="ResetPass" duration-ms="7067" started-at="2022-06-24T19:14:42Z" finished-at="2022-06-24T19:14:49Z">
          <reporter-output>
          </reporter-output>
        </test-method> <!-- ResetPass -->
        <test-method status="PASS" signature="afterEachTestMethod(org.testng.ITestResult)[pri:0, instance:apps.ebay.CustomerServiceForAccountTest@2ef5e5e3]" name="afterEachTestMethod" is-config="true" duration-ms="952" started-at="2022-06-24T19:14:49Z" finished-at="2022-06-24T19:14:50Z">
          <params>
            <param index="0">
              <value>
                <![CDATA[[TestResult name=ResetPass status=SUCCESS method=CustomerServiceForAccountTest.ResetPass()[pri:0, instance:apps.ebay.CustomerServiceForAccountTest@2ef5e5e3] output={null}]]]>
              </value>
            </param>
          </params>
          <reporter-output>
          </reporter-output>
        </test-method> <!-- afterEachTestMethod -->
        <test-method status="PASS" signature="setUp(boolean, java.lang.String, java.lang.String, java.lang.String, java.lang.String, java.lang.String, java.lang.String)[pri:0, instance:apps.ebay.CustomerServiceForAccountTest@2ef5e5e3]" name="setUp" is-config="true" duration-ms="4762" started-at="2022-06-24T19:14:50Z" finished-at="2022-06-24T19:14:55Z">
          <params>
            <param index="0">
              <value>
                <![CDATA[false]]>
              </value>
            </param>
            <param index="1">
              <value>
                <![CDATA[browserstack]]>
              </value>
            </param>
            <param index="2">
              <value>
                <![CDATA[windows]]>
              </value>
            </param>
            <param index="3">
              <value>
                <![CDATA[10]]>
              </value>
            </param>
            <param index="4">
              <value>
                <![CDATA[chrome]]>
              </value>
            </param>
            <param index="5">
              <value>
                <![CDATA[99]]>
              </value>
            </param>
            <param index="6">
              <value>
                <![CDATA[https://www.ebay.com]]>
              </value>
            </param>
          </params>
          <reporter-output>
          </reporter-output>
        </test-method> <!-- setUp -->
[...]
          <params>
            <param index="0">
              <value>
                <![CDATA[[TestResult name=ebaycommunity status=FAILURE method=CommunityPageTest.ebaycommunity()[pri:0, instance:apps.ebay.CommunityPageTest@58651fd0] output={null}]]]>
              </value>
            </param>
          </params>
          <reporter-output>
          </reporter-output>
        </test-method> <!-- afterEachTestMethod -->
        <test-method status="PASS" signature="setUp(boolean, java.lang.String, java.lang.String, java.lang.String, java.lang.String, java.lang.String, java.lang.String)[pri:0, instance:apps.ebay.CommunityPageTest@58651fd0]" name="setUp" is-config="true" duration-ms="5222" started-at="2022-06-24T19:24:34Z" finished-at="2022-06-24T19:24:39Z">
          <params>
            <param index="0">
              <value>
                <![CDATA[false]]>
              </value>
            </param>
            <param index="1">
              <value>
                <![CDATA[browserstack]]>
              </value>
            </param>
            <param index="2">
              <value>
                <![CDATA[windows]]>
              </value>
            </param>
            <param index="3">
              <value>
                <![CDATA[10]]>
              </value>
            </param>
            <param index="4">
              <value>
                <![CDATA[chrome]]>
              </value>
            </param>
            <param index="5">
              <value>
                <![CDATA[99]]>
              </value>
            </param>
            <param index="6">
              <value>
                <![CDATA[https://www.ebay.com]]>
              </value>
            </param>
          </params>
          <reporter-output>
          </reporter-output>
        </test-method> <!-- setUp -->
        <test-method status="PASS" signature="startExtent(java.lang.reflect.Method)[pri:0, instance:apps.ebay.CommunityPageTest@58651fd0]" name="startExtent" is-config="true" duration-ms="1" started-at="2022-06-24T19:24:39Z" finished-at="2022-06-24T19:24:39Z">
          <params>
            <param index="0">
              <value>
                <![CDATA[public void apps.ebay.CommunityPageTest.ebaypodcast()]]>
              </value>
            </param>
          </params>
          <reporter-output>
          </reporter-output>
        </test-method> <!-- startExtent -->
        <test-method status="FAIL" signature="ebaypodcast()[pri:0, instance:apps.ebay.CommunityPageTest@58651fd0]" name="ebaypodcast" duration-ms="10055" started-at="2022-06-24T19:24:39Z" finished-at="2022-06-24T19:24:49Z">
          <exception class="org.openqa.selenium.NoSuchElementException">
            <message>
              <![CDATA[no such element: Unable to locate element: {"method":"xpath","selector":"//a[contains(text(),'eBay for Business Podcast')]"}
  (Session info: chrome=103.0.5060.53)
For documentation on this error, please visit: https://selenium.dev/exceptions/#no_such_element
Build info: version: '4.1.4', revision: '535d840ee2'
System info: host: 'DEADPOOL', ip: '192.168.1.107', os.name: 'Windows 10', os.arch: 'amd64', os.version: '10.0', java.version: '1.8.0_333'
Driver info: org.openqa.selenium.chrome.ChromeDriver
Command: [db144f9d37a0d768fff4d13eaf8e3999, findElement {using=xpath, value=//a[contains(text(),'eBay for Business Podcast')]}]
Capabilities {acceptInsecureCerts: false, browserName: chrome, browserVersion: 103.0.5060.53, chrome: {chromedriverVersion: 102.0.5005.61 (0e59bcc00cc4..., userDataDir: C:\Users\ronyc\AppData\Loca...}, goog:chromeOptions: {debuggerAddress: localhost:7717}, javascriptEnabled: true, networkConnectionEnabled: false, pageLoadStrategy: normal, platform: WINDOWS, platformName: WINDOWS, proxy: Proxy(), se:cdp: ws://localhost:7717/devtool..., se:cdpVersion: 103.0.5060.53, setWindowRect: true, strictFileInteractability: false, timeouts: {implicit: 0, pageLoad: 300000, script: 30000}, unhandledPromptBehavior: dismiss and notify, webauthn:extension:credBlob: true, webauthn:extension:largeBlob: true, webauthn:virtualAuthenticators: true}
Session ID: db144f9d37a0d768fff4d13eaf8e3999]]>
            </message>
            <full-stacktrace>
              <![CDATA[org.openqa.selenium.NoSuchElementException: no such element: Unable to locate element: {"method":"xpath","selector":"//a[contains(text(),'eBay for Business Podcast')]"}
  (Session info: chrome=103.0.5060.53)
For documentation on this error, please visit: https://selenium.dev/exceptions/#no_such_element
Build info: version: '4.1.4', revision: '535d840ee2'
System info: host: 'DEADPOOL', ip: '192.168.1.107', os.name: 'Windows 10', os.arch: 'amd64', os.version: '10.0', java.version: '1.8.0_333'
Driver info: org.openqa.selenium.chrome.ChromeDriver
Command: [db144f9d37a0d768fff4d13eaf8e3999, findElement {using=xpath, value=//a[contains(text(),'eBay for Business Podcast')]}]
Capabilities {acceptInsecureCerts: false, browserName: chrome, browserVersion: 103.0.5060.53, chrome: {chromedriverVersion: 102.0.5005.61 (0e59bcc00cc4..., userDataDir: C:\Users\ronyc\AppData\Loca...}, goog:chromeOptions: {debuggerAddress: localhost:7717}, javascriptEnabled: true, networkConnectionEnabled: false, pageLoadStrategy: normal, platform: WINDOWS, platformName: WINDOWS, proxy: Proxy(), se:cdp: ws://localhost:7717/devtool..., se:cdpVersion: 103.0.5060.53, setWindowRect: true, strictFileInteractability: false, timeouts: {implicit: 0, pageLoad: 300000, script: 30000}, unhandledPromptBehavior: dismiss and notify, webauthn:extension:credBlob: true, webauthn:extension:largeBlob: true, webauthn:virtualAuthenticators: true}
Session ID: db144f9d37a0d768fff4d13eaf8e3999
at sun.reflect.GeneratedConstructorAccessor35.newInstance(Unknown Source)
at sun.reflect.DelegatingConstructorAccessorImpl.newInstance(DelegatingConstructorAccessorImpl.java:45)
at java.lang.reflect.Constructor.newInstance(Constructor.java:423)
at org.openqa.selenium.remote.codec.w3c.W3CHttpResponseCodec.createException(W3CHttpResponseCodec.java:200)
at org.openqa.selenium.remote.codec.w3c.W3CHttpResponseCodec.decode(W3CHttpResponseCodec.java:133)
at org.openqa.selenium.remote.codec.w3c.W3CHttpResponseCodec.decode(W3CHttpResponseCodec.java:53)
at org.openqa.selenium.remote.HttpCommandExecutor.execute(HttpCommandExecutor.java:184)
at org.openqa.selenium.remote.service.DriverCommandExecutor.invokeExecute(DriverCommandExecutor.java:167)
at org.openqa.selenium.remote.service.DriverCommandExecutor.execute(DriverCommandExecutor.java:142)
at org.openqa.selenium.remote.RemoteWebDriver.execute(RemoteWebDriver.java:567)
at org.openqa.selenium.remote.ElementLocation$ElementFinder$2.findElement(ElementLocation.java:162)
at org.openqa.selenium.remote.ElementLocation.findElement(ElementLocation.java:60)
at org.openqa.selenium.remote.RemoteWebDriver.findElement(RemoteWebDriver.java:385)
at org.openqa.selenium.remote.RemoteWebDriver.findElement(RemoteWebDriver.java:377)
at org.openqa.selenium.support.pagefactory.DefaultElementLocator.findElement(DefaultElementLocator.java:70)
at org.openqa.selenium.support.pagefactory.internal.LocatingElementHandler.invoke(LocatingElementHandler.java:39)
at com.sun.proxy.$Proxy17.click(Unknown Source)
at base.CommonAPI.click(CommonAPI.java:188)
at pages.ebay.CommunityPage.setBusinessPodcast(CommunityPage.java:39)
at apps.ebay.CommunityPageTest.ebaypodcast(CommunityPageTest.java:37)
at sun.reflect.NativeMethodAccessorImpl.invoke0(Native Method)
at sun.reflect.NativeMethodAccessorImpl.invoke(NativeMethodAccessorImpl.java:62)
at sun.reflect.DelegatingMethodAccessorImpl.invoke(DelegatingMethodAccessorImpl.java:43)
at java.lang.reflect.Method.invoke(Method.java:498)
at org.testng.internal.MethodInvocationHelper.invokeMethod(MethodInvocationHelper.java:124)
at org.testng.internal.Invoker.invokeMethod(Invoker.java:583)
at org.testng.internal.Invoker.invokeTestMethod(Invoker.java:719)
at org.testng.internal.Invoker.invokeTestMethods(Invoker.java:989)
at org.testng.internal.TestMethodWorker.invokeTestMethods(TestMethodWorker.java:125)
at org.testng.internal.TestMethodWorker.run(TestMethodWorker.java:109)
at org.testng.TestRunner.privateRun(TestRunner.java:648)
at org.testng.TestRunner.run(TestRunner.java:505)
at org.testng.SuiteRunner.runTest(SuiteRunner.java:455)
at org.testng.SuiteRunner.runSequentially(SuiteRunner.java:450)
at org.testng.SuiteRunner.privateRun(SuiteRunner.java:415)
at org.testng.SuiteRunner.run(SuiteRunner.java:364)
at org.testng.SuiteRunnerWorker.runSuite(SuiteRunnerWorker.java:52)
at org.testng.SuiteRunnerWorker.run(SuiteRunnerWorker.java:84)
at org.testng.TestNG.runSuitesSequentially(TestNG.java:1208)
at org.testng.TestNG.runSuitesLocally(TestNG.java:1137)
at org.testng.TestNG.runSuites(TestNG.java:1049)
at org.testng.TestNG.run(TestNG.java:1017)
at com.intellij.rt.testng.IDEARemoteTestNG.run(IDEARemoteTestNG.java:66)
at com.intellij.rt.testng.RemoteTestNGStarter.main(RemoteTestNGStarter.java:109)
]]>
            </full-stacktrace>
          </exception> <!-- org.openqa.selenium.NoSuchElementException -->
          <reporter-output>
          </reporter-output>
        </test-method> <!-- ebaypodcast -->
        <test-method status="PASS" signature="afterEachTestMethod(org.testng.ITestResult)[pri:0, instance:apps.ebay.CommunityPageTest@58651fd0]" name="afterEachTestMethod" is-config="true" duration-ms="1451" started-at="2022-06-24T19:24:49Z" finished-at="2022-06-24T19:24:50Z">
          <params>
            <param index="0">
              <value>
                <![CDATA[[TestResult name=ebaypodcast status=FAILURE method=CommunityPageTest.ebaypodcast()[pri:0, instance:apps.ebay.CommunityPageTest@58651fd0] output={null}]]]>
              </value>
            </param>
          </params>
          <reporter-output>
          </reporter-output>
        </test-method> <!-- afterEachTestMethod -->
      </class> <!-- apps.ebay.CommunityPageTest -->
      <class name="apps.ebay.InvalidloginPage">
        <test-method status="PASS" signature="setUp(boolean, java.lang.String, java.lang.String, java.lang.String, java.lang.String, java.lang.String, java.lang.String)[pri:0, instance:apps.ebay.InvalidloginPage@5d5eef3d]" name="setUp" is-config="true" duration-ms="5329" started-at="2022-06-24T19:12:10Z" finished-at="2022-06-24T19:12:15Z">
          <params>
            <param index="0">
              <value>
                <![CDATA[false]]>
              </value>
            </param>
            <param index="1">
              <value>
                <![CDATA[browserstack]]>
              </value>
            </param>
            <param index="2">
              <value>
                <![CDATA[windows]]>
              </value>
            </param>
            <param index="3">
              <value>
                <![CDATA[10]]>
              </value>
            </param>
            <param index="4">
              <value>
                <![CDATA[chrome]]>
              </value>
            </param>
            <param index="5">
              <value>
                <![CDATA[99]]>
              </value>
            </param>
            <param index="6">
              <value>
                <![CDATA[https://www.ebay.com]]>
              </value>
            </param>
          </params>
          <reporter-output>
          </reporter-output>
        </test-method> <!-- setUp -->
        <test-method status="PASS" signature="startExtent(java.lang.reflect.Method)[pri:0, instance:apps.ebay.InvalidloginPage@5d5eef3d]" name="startExtent" is-config="true" duration-ms="1" started-at="2022-06-24T19:12:15Z" finished-at="2022-06-24T19:12:15Z">
          <params>
            <param index="0">
              <value>
                <![CDATA[public void apps.ebay.InvalidloginPage.InvalidLoginCred()]]>
              </value>
            </param>
          </params>
          <reporter-output>
          </reporter-output>
        </test-method> <!-- startExtent -->
        <test-method status="FAIL" signature="InvalidLoginCred()[pri:0, instance:apps.ebay.InvalidloginPage@5d5eef3d]" name="InvalidLoginCred" duration-ms="19167" started-at="2022-06-24T19:12:15Z" finished-at="2022-06-24T19:12:34Z">
          <exception class="org.openqa.selenium.ElementNotInteractableException">
            <message>
              <![CDATA[element not interactable
  (Session info: chrome=103.0.5060.53)
Build info: version: '4.1.4', revision: '535d840ee2'
System info: host: 'DEADPOOL', ip: '192.168.1.107', os.name: 'Windows 10', os.arch: 'amd64', os.version: '10.0', java.version: '1.8.0_333'
Driver info: org.openqa.selenium.chrome.ChromeDriver
Command: [f539e9880f13d75b6c93ceb15ca424cf, sendKeysToElement {id=7c3f43f5-922f-47df-841f-4e82f344b24f, value=[Ljava.lang.CharSequence;@1bc53649}]
Capabilities {acceptInsecureCerts: false, browserName: chrome, browserVersion: 103.0.5060.53, chrome: {chromedriverVersion: 102.0.5005.61 (0e59bcc00cc4..., userDataDir: C:\Users\ronyc\AppData\Loca...}, goog:chromeOptions: {debuggerAddress: localhost:3813}, javascriptEnabled: true, networkConnectionEnabled: false, pageLoadStrategy: normal, platform: WINDOWS, platformName: WINDOWS, proxy: Proxy(), se:cdp: ws://localhost:3813/devtool..., se:cdpVersion: 103.0.5060.53, setWindowRect: true, strictFileInteractability: false, timeouts: {implicit: 0, pageLoad: 300000, script: 30000}, unhandledPromptBehavior: dismiss and notify, webauthn:extension:credBlob: true, webauthn:extension:largeBlob: true, webauthn:virtualAuthenticators: true}
Element: [[ChromeDriver: chrome on WINDOWS (f539e9880f13d75b6c93ceb15ca424cf)] -> id: pass]
Session ID: f539e9880f13d75b6c93ceb15ca424cf]]>
            </message>
            <full-stacktrace>
              <![CDATA[org.openqa.selenium.ElementNotInteractableException: element not interactable
  (Session info: chrome=103.0.5060.53)
Build info: version: '4.1.4', revision: '535d840ee2'
System info: host: 'DEADPOOL', ip: '192.168.1.107', os.name: 'Windows 10', os.arch: 'amd64', os.version: '10.0', java.version: '1.8.0_333'
Driver info: org.openqa.selenium.chrome.ChromeDriver
Command: [f539e9880f13d75b6c93ceb15ca424cf, sendKeysToElement {id=7c3f43f5-922f-47df-841f-4e82f344b24f, value=[Ljava.lang.CharSequence;@1bc53649}]
Capabilities {acceptInsecureCerts: false, browserName: chrome, browserVersion: 103.0.5060.53, chrome: {chromedriverVersion: 102.0.5005.61 (0e59bcc00cc4..., userDataDir: C:\Users\ronyc\AppData\Loca...}, goog:chromeOptions: {debuggerAddress: localhost:3813}, javascriptEnabled: true, networkConnectionEnabled: false, pageLoadStrategy: normal, platform: WINDOWS, platformName: WINDOWS, proxy: Proxy(), se:cdp: ws://localhost:3813/devtool..., se:cdpVersion: 103.0.5060.53, setWindowRect: true, strictFileInteractability: false, timeouts: {implicit: 0, pageLoad: 300000, script: 30000}, unhandledPromptBehavior: dismiss and notify, webauthn:extension:credBlob: true, webauthn:extension:largeBlob: true, webauthn:virtualAuthenticators: true}
Element: [[ChromeDriver: chrome on WINDOWS (f539e9880f13d75b6c93ceb15ca424cf)] -> id: pass]
Session ID: f539e9880f13d75b6c93ceb15ca424cf
at sun.reflect.NativeConstructorAccessorImpl.newInstance0(Native Method)
at sun.reflect.NativeConstructorAccessorImpl.newInstance(NativeConstructorAccessorImpl.java:62)
at sun.reflect.DelegatingConstructorAccessorImpl.newInstance(DelegatingConstructorAccessorImpl.java:45)
at java.lang.reflect.Constructor.newInstance(Constructor.java:423)
at org.openqa.selenium.remote.codec.w3c.W3CHttpResponseCodec.createException(W3CHttpResponseCodec.java:200)
at org.openqa.selenium.remote.codec.w3c.W3CHttpResponseCodec.decode(W3CHttpResponseCodec.java:133)
at org.openqa.selenium.remote.codec.w3c.W3CHttpResponseCodec.decode(W3CHttpResponseCodec.java:53)
at org.openqa.selenium.remote.HttpCommandExecutor.execute(HttpCommandExecutor.java:184)
at org.openqa.selenium.remote.service.DriverCommandExecutor.invokeExecute(DriverCommandExecutor.java:167)
at org.openqa.selenium.remote.service.DriverCommandExecutor.execute(DriverCommandExecutor.java:142)
at org.openqa.selenium.remote.RemoteWebDriver.execute(RemoteWebDriver.java:567)
at org.openqa.selenium.remote.RemoteWebElement.execute(RemoteWebElement.java:251)
at org.openqa.selenium.remote.RemoteWebElement.sendKeys(RemoteWebElement.java:107)
at sun.reflect.NativeMethodAccessorImpl.invoke0(Native Method)
at sun.reflect.NativeMethodAccessorImpl.invoke(NativeMethodAccessorImpl.java:62)
at sun.reflect.DelegatingMethodAccessorImpl.invoke(DelegatingMethodAccessorImpl.java:43)
at java.lang.reflect.Method.invoke(Method.java:498)
at org.openqa.selenium.support.pagefactory.internal.LocatingElementHandler.invoke(LocatingElementHandler.java:52)
at com.sun.proxy.$Proxy17.sendKeys(Unknown Source)
at base.CommonAPI.type(CommonAPI.java:196)
at pages.ebay.InvalidLoginPage.enterPassword(InvalidLoginPage.java:45)
at apps.ebay.InvalidloginPage.InvalidLoginCred(InvalidloginPage.java:19)
at sun.reflect.NativeMethodAccessorImpl.invoke0(Native Method)
at sun.reflect.NativeMethodAccessorImpl.invoke(NativeMethodAccessorImpl.java:62)
at sun.reflect.DelegatingMethodAccessorImpl.invoke(DelegatingMethodAccessorImpl.java:43)
at java.lang.reflect.Method.invoke(Method.java:498)
at org.testng.internal.MethodInvocationHelper.invokeMethod(MethodInvocationHelper.java:124)
at org.testng.internal.Invoker.invokeMethod(Invoker.java:583)
at org.testng.internal.Invoker.invokeTestMethod(Invoker.java:719)
at org.testng.internal.Invoker.invokeTestMethods(Invoker.java:989)
at org.testng.internal.TestMethodWorker.invokeTestMethods(TestMethodWorker.java:125)
at org.testng.internal.TestMethodWorker.run(TestMethodWorker.java:109)
at org.testng.TestRunner.privateRun(TestRunner.java:648)
at org.testng.TestRunner.run(TestRunner.java:505)
at org.testng.SuiteRunner.runTest(SuiteRunner.java:455)
at org.testng.SuiteRunner.runSequentially(SuiteRunner.java:450)
at org.testng.SuiteRunner.privateRun(SuiteRunner.java:415)
at org.testng.SuiteRunner.run(SuiteRunner.java:364)
at org.testng.SuiteRunnerWorker.runSuite(SuiteRunnerWorker.java:52)
at org.testng.SuiteRunnerWorker.run(SuiteRunnerWorker.java:84)
at org.testng.TestNG.runSuitesSequentially(TestNG.java:1208)
at org.testng.TestNG.runSuitesLocally(TestNG.java:1137)
at org.testng.TestNG.runSuites(TestNG.java:1049)
at org.testng.TestNG.run(TestNG.java:1017)
at com.intellij.rt.testng.IDEARemoteTestNG.run(IDEARemoteTestNG.java:66)
at com.intellij.rt.testng.RemoteTestNGStarter.main(RemoteTestNGStarter.java:109)
]]>
            </full-stacktrace>
          </exception> <!-- org.openqa.selenium.ElementNotInteractableException -->
          <reporter-output>
          </reporter-output>
        </test-method> <!-- InvalidLoginCred -->
        <test-method status="PASS" signature="afterEachTestMethod(org.testng.ITestResult)[pri:0, instance:apps.ebay.InvalidloginPage@5d5eef3d]" name="afterEachTestMethod" is-config="true" duration-ms="1033" started-at="2022-06-24T19:12:34Z" finished-at="2022-06-24T19:12:35Z">
          <params>
            <param index="0">
              <value>
                <![CDATA[[TestResult name=InvalidLoginCred status=FAILURE method=InvalidloginPage.InvalidLoginCred()[pri:0, instance:apps.ebay.InvalidloginPage@5d5eef3d] output={null}]]]>
              </value>
            </param>
          </params>
          <reporter-output>
          </reporter-output>
        </test-method> <!-- afterEachTestMethod -->
      </class> <!-- apps.ebay.InvalidloginPage -->
    </test> <!-- tests -->
  </suite> <!-- ebay smoke -->
</testng-results>
